0 info it worked if it ends with ok
1 verbose cli [ '/usr/local/bin/node',
1 verbose cli   '/usr/local/bin/npm',
1 verbose cli   'install',
1 verbose cli   'bootstrap-star-rating' ]
2 info using npm@2.15.0
3 info using node@v4.4.2
4 verbose install initial load of /Users/dingshilun/Documents/Junior/software engineering/git-bookkitty/bookingkitti/package.json
5 verbose installManyTop reading scoped package data from /Users/dingshilun/Documents/Junior/software engineering/git-bookkitty/bookingkitti/node_modules/accepts/package.json
6 verbose installManyTop reading scoped package data from /Users/dingshilun/Documents/Junior/software engineering/git-bookkitty/bookingkitti/node_modules/array-flatten/package.json
7 verbose installManyTop reading scoped package data from /Users/dingshilun/Documents/Junior/software engineering/git-bookkitty/bookingkitti/node_modules/basic-auth/package.json
8 verbose installManyTop reading scoped package data from /Users/dingshilun/Documents/Junior/software engineering/git-bookkitty/bookingkitti/node_modules/bignumber.js/package.json
9 verbose installManyTop reading scoped package data from /Users/dingshilun/Documents/Junior/software engineering/git-bookkitty/bookingkitti/node_modules/body-parser/package.json
10 verbose installManyTop reading scoped package data from /Users/dingshilun/Documents/Junior/software engineering/git-bookkitty/bookingkitti/node_modules/bytes/package.json
11 verbose installManyTop reading scoped package data from /Users/dingshilun/Documents/Junior/software engineering/git-bookkitty/bookingkitti/node_modules/content-disposition/package.json
12 verbose installManyTop reading scoped package data from /Users/dingshilun/Documents/Junior/software engineering/git-bookkitty/bookingkitti/node_modules/content-type/package.json
13 verbose installManyTop reading scoped package data from /Users/dingshilun/Documents/Junior/software engineering/git-bookkitty/bookingkitti/node_modules/cookie/package.json
14 verbose installManyTop reading scoped package data from /Users/dingshilun/Documents/Junior/software engineering/git-bookkitty/bookingkitti/node_modules/cookie-parser/package.json
15 verbose installManyTop reading scoped package data from /Users/dingshilun/Documents/Junior/software engineering/git-bookkitty/bookingkitti/node_modules/cookie-signature/package.json
16 verbose installManyTop reading scoped package data from /Users/dingshilun/Documents/Junior/software engineering/git-bookkitty/bookingkitti/node_modules/core-util-is/package.json
17 verbose installManyTop reading scoped package data from /Users/dingshilun/Documents/Junior/software engineering/git-bookkitty/bookingkitti/node_modules/debug/package.json
18 verbose installManyTop reading scoped package data from /Users/dingshilun/Documents/Junior/software engineering/git-bookkitty/bookingkitti/node_modules/depd/package.json
19 verbose installManyTop reading scoped package data from /Users/dingshilun/Documents/Junior/software engineering/git-bookkitty/bookingkitti/node_modules/destroy/package.json
20 verbose installManyTop reading scoped package data from /Users/dingshilun/Documents/Junior/software engineering/git-bookkitty/bookingkitti/node_modules/ee-first/package.json
21 verbose installManyTop reading scoped package data from /Users/dingshilun/Documents/Junior/software engineering/git-bookkitty/bookingkitti/node_modules/ejs/package.json
22 verbose installManyTop reading scoped package data from /Users/dingshilun/Documents/Junior/software engineering/git-bookkitty/bookingkitti/node_modules/escape-html/package.json
23 verbose installManyTop reading scoped package data from /Users/dingshilun/Documents/Junior/software engineering/git-bookkitty/bookingkitti/node_modules/etag/package.json
24 verbose installManyTop reading scoped package data from /Users/dingshilun/Documents/Junior/software engineering/git-bookkitty/bookingkitti/node_modules/express/package.json
25 verbose installManyTop reading scoped package data from /Users/dingshilun/Documents/Junior/software engineering/git-bookkitty/bookingkitti/node_modules/finalhandler/package.json
26 verbose installManyTop reading scoped package data from /Users/dingshilun/Documents/Junior/software engineering/git-bookkitty/bookingkitti/node_modules/forwarded/package.json
27 verbose installManyTop reading scoped package data from /Users/dingshilun/Documents/Junior/software engineering/git-bookkitty/bookingkitti/node_modules/fresh/package.json
28 verbose installManyTop reading scoped package data from /Users/dingshilun/Documents/Junior/software engineering/git-bookkitty/bookingkitti/node_modules/http-errors/package.json
29 verbose installManyTop reading scoped package data from /Users/dingshilun/Documents/Junior/software engineering/git-bookkitty/bookingkitti/node_modules/iconv-lite/package.json
30 verbose installManyTop reading scoped package data from /Users/dingshilun/Documents/Junior/software engineering/git-bookkitty/bookingkitti/node_modules/inherits/package.json
31 verbose installManyTop reading scoped package data from /Users/dingshilun/Documents/Junior/software engineering/git-bookkitty/bookingkitti/node_modules/ipaddr.js/package.json
32 verbose installManyTop reading scoped package data from /Users/dingshilun/Documents/Junior/software engineering/git-bookkitty/bookingkitti/node_modules/isarray/package.json
33 verbose installManyTop reading scoped package data from /Users/dingshilun/Documents/Junior/software engineering/git-bookkitty/bookingkitti/node_modules/media-typer/package.json
34 verbose installManyTop reading scoped package data from /Users/dingshilun/Documents/Junior/software engineering/git-bookkitty/bookingkitti/node_modules/merge-descriptors/package.json
35 verbose installManyTop reading scoped package data from /Users/dingshilun/Documents/Junior/software engineering/git-bookkitty/bookingkitti/node_modules/methods/package.json
36 verbose installManyTop reading scoped package data from /Users/dingshilun/Documents/Junior/software engineering/git-bookkitty/bookingkitti/node_modules/mime/package.json
37 verbose installManyTop reading scoped package data from /Users/dingshilun/Documents/Junior/software engineering/git-bookkitty/bookingkitti/node_modules/mime-db/package.json
38 verbose installManyTop reading scoped package data from /Users/dingshilun/Documents/Junior/software engineering/git-bookkitty/bookingkitti/node_modules/mime-types/package.json
39 verbose installManyTop reading scoped package data from /Users/dingshilun/Documents/Junior/software engineering/git-bookkitty/bookingkitti/node_modules/morgan/package.json
40 verbose installManyTop reading scoped package data from /Users/dingshilun/Documents/Junior/software engineering/git-bookkitty/bookingkitti/node_modules/ms/package.json
41 verbose installManyTop reading scoped package data from /Users/dingshilun/Documents/Junior/software engineering/git-bookkitty/bookingkitti/node_modules/mysql/package.json
42 verbose installManyTop reading scoped package data from /Users/dingshilun/Documents/Junior/software engineering/git-bookkitty/bookingkitti/node_modules/negotiator/package.json
43 verbose installManyTop reading scoped package data from /Users/dingshilun/Documents/Junior/software engineering/git-bookkitty/bookingkitti/node_modules/on-finished/package.json
44 verbose installManyTop reading scoped package data from /Users/dingshilun/Documents/Junior/software engineering/git-bookkitty/bookingkitti/node_modules/on-headers/package.json
45 verbose installManyTop reading scoped package data from /Users/dingshilun/Documents/Junior/software engineering/git-bookkitty/bookingkitti/node_modules/parseurl/package.json
46 verbose installManyTop reading scoped package data from /Users/dingshilun/Documents/Junior/software engineering/git-bookkitty/bookingkitti/node_modules/path-to-regexp/package.json
47 verbose installManyTop reading scoped package data from /Users/dingshilun/Documents/Junior/software engineering/git-bookkitty/bookingkitti/node_modules/proxy-addr/package.json
48 verbose installManyTop reading scoped package data from /Users/dingshilun/Documents/Junior/software engineering/git-bookkitty/bookingkitti/node_modules/qs/package.json
49 verbose installManyTop reading scoped package data from /Users/dingshilun/Documents/Junior/software engineering/git-bookkitty/bookingkitti/node_modules/range-parser/package.json
50 verbose installManyTop reading scoped package data from /Users/dingshilun/Documents/Junior/software engineering/git-bookkitty/bookingkitti/node_modules/raw-body/package.json
51 verbose installManyTop reading scoped package data from /Users/dingshilun/Documents/Junior/software engineering/git-bookkitty/bookingkitti/node_modules/readable-stream/package.json
52 verbose installManyTop reading scoped package data from /Users/dingshilun/Documents/Junior/software engineering/git-bookkitty/bookingkitti/node_modules/send/package.json
53 verbose installManyTop reading scoped package data from /Users/dingshilun/Documents/Junior/software engineering/git-bookkitty/bookingkitti/node_modules/serve-favicon/package.json
54 verbose installManyTop reading scoped package data from /Users/dingshilun/Documents/Junior/software engineering/git-bookkitty/bookingkitti/node_modules/serve-static/package.json
55 verbose installManyTop reading scoped package data from /Users/dingshilun/Documents/Junior/software engineering/git-bookkitty/bookingkitti/node_modules/statuses/package.json
56 verbose installManyTop reading scoped package data from /Users/dingshilun/Documents/Junior/software engineering/git-bookkitty/bookingkitti/node_modules/string_decoder/package.json
57 verbose installManyTop reading scoped package data from /Users/dingshilun/Documents/Junior/software engineering/git-bookkitty/bookingkitti/node_modules/type-is/package.json
58 verbose installManyTop reading scoped package data from /Users/dingshilun/Documents/Junior/software engineering/git-bookkitty/bookingkitti/node_modules/unpipe/package.json
59 verbose installManyTop reading scoped package data from /Users/dingshilun/Documents/Junior/software engineering/git-bookkitty/bookingkitti/node_modules/utils-merge/package.json
60 verbose installManyTop reading scoped package data from /Users/dingshilun/Documents/Junior/software engineering/git-bookkitty/bookingkitti/node_modules/vary/package.json
61 info package.json mime@1.3.4 No license field.
62 info package.json ms@0.7.1 No license field.
63 info package.json string_decoder@0.10.31 string_decoder is also the name of a node core module.
64 info package.json utils-merge@1.0.0 No license field.
65 verbose readDependencies loading dependencies from /Users/dingshilun/Documents/Junior/software engineering/git-bookkitty/bookingkitti/package.json
66 silly cache add args [ 'bootstrap-star-rating', null ]
67 verbose cache add spec bootstrap-star-rating
68 silly cache add parsed spec Result {
68 silly cache add   raw: 'bootstrap-star-rating',
68 silly cache add   scope: null,
68 silly cache add   name: 'bootstrap-star-rating',
68 silly cache add   rawSpec: '',
68 silly cache add   spec: 'latest',
68 silly cache add   type: 'tag' }
69 silly addNamed bootstrap-star-rating@latest
70 verbose addNamed "latest" is being treated as a dist-tag for bootstrap-star-rating
71 info addNameTag [ 'bootstrap-star-rating', 'latest' ]
72 silly mapToRegistry name bootstrap-star-rating
73 silly mapToRegistry using default registry
74 silly mapToRegistry registry https://registry.npmjs.org/
75 silly mapToRegistry data Result {
75 silly mapToRegistry   raw: 'bootstrap-star-rating',
75 silly mapToRegistry   scope: null,
75 silly mapToRegistry   name: 'bootstrap-star-rating',
75 silly mapToRegistry   rawSpec: '',
75 silly mapToRegistry   spec: 'latest',
75 silly mapToRegistry   type: 'tag' }
76 silly mapToRegistry uri https://registry.npmjs.org/bootstrap-star-rating
77 verbose addNameTag registry:https://registry.npmjs.org/bootstrap-star-rating not in flight; fetching
78 verbose request uri https://registry.npmjs.org/bootstrap-star-rating
79 verbose request no auth needed
80 info attempt registry request try #1 at 12:03:29
81 verbose request id e136924610e81eb4
82 http request GET https://registry.npmjs.org/bootstrap-star-rating
83 http 404 https://registry.npmjs.org/bootstrap-star-rating
84 verbose headers { 'content-type': 'application/json',
84 verbose headers   'cache-control': 'max-age=0',
84 verbose headers   'content-length': '2',
84 verbose headers   'accept-ranges': 'bytes',
84 verbose headers   date: 'Sat, 07 May 2016 04:03:30 GMT',
84 verbose headers   via: '1.1 varnish',
84 verbose headers   age: '0',
84 verbose headers   connection: 'keep-alive',
84 verbose headers   'x-served-by': 'cache-nrt6133-NRT',
84 verbose headers   'x-cache': 'MISS',
84 verbose headers   'x-cache-hits': '0',
84 verbose headers   'x-timer': 'S1462593809.957476,VS0,VE504',
84 verbose headers   vary: 'Accept-Encoding' }
85 silly get cb [ 404,
85 silly get   { 'content-type': 'application/json',
85 silly get     'cache-control': 'max-age=0',
85 silly get     'content-length': '2',
85 silly get     'accept-ranges': 'bytes',
85 silly get     date: 'Sat, 07 May 2016 04:03:30 GMT',
85 silly get     via: '1.1 varnish',
85 silly get     age: '0',
85 silly get     connection: 'keep-alive',
85 silly get     'x-served-by': 'cache-nrt6133-NRT',
85 silly get     'x-cache': 'MISS',
85 silly get     'x-cache-hits': '0',
85 silly get     'x-timer': 'S1462593809.957476,VS0,VE504',
85 silly get     vary: 'Accept-Encoding' } ]
86 verbose stack Error: Registry returned 404 for GET on https://registry.npmjs.org/bootstrap-star-rating
86 verbose stack     at makeError (/usr/local/lib/node_modules/npm/node_modules/npm-registry-client/lib/request.js:264:12)
86 verbose stack     at CachingRegistryClient.<anonymous> (/usr/local/lib/node_modules/npm/node_modules/npm-registry-client/lib/request.js:242:14)
86 verbose stack     at Request._callback (/usr/local/lib/node_modules/npm/node_modules/npm-registry-client/lib/request.js:172:14)
86 verbose stack     at Request.self.callback (/usr/local/lib/node_modules/npm/node_modules/request/request.js:199:22)
86 verbose stack     at emitTwo (events.js:87:13)
86 verbose stack     at Request.emit (events.js:172:7)
86 verbose stack     at Request.<anonymous> (/usr/local/lib/node_modules/npm/node_modules/request/request.js:1036:10)
86 verbose stack     at emitOne (events.js:82:20)
86 verbose stack     at Request.emit (events.js:169:7)
86 verbose stack     at IncomingMessage.<anonymous> (/usr/local/lib/node_modules/npm/node_modules/request/request.js:963:12)
87 verbose statusCode 404
88 verbose pkgid bootstrap-star-rating
89 verbose cwd /Users/dingshilun/Documents/Junior/software engineering/git-bookkitty/bookingkitti
90 error Darwin 15.0.0
91 error argv "/usr/local/bin/node" "/usr/local/bin/npm" "install" "bootstrap-star-rating"
92 error node v4.4.2
93 error npm  v2.15.0
94 error code E404
95 error 404 Registry returned 404 for GET on https://registry.npmjs.org/bootstrap-star-rating
95 error 404
95 error 404 'bootstrap-star-rating' is not in the npm registry.
95 error 404 You should bug the author to publish it (or use the name yourself!)
95 error 404 It was specified as a dependency of 'bookingkitti'
95 error 404
95 error 404 Note that you can also install from a
95 error 404 tarball, folder, http url, or git url.
96 verbose exit [ 1, true ]
